2026/03/14 10:25:04 [notice] 1#1: using the "epoll" event method
2026/03/14 10:25:04 [notice] 1#1: nginx/1.29.6
2026/03/14 10:25:04 [notice] 1#1: built by gcc 15.2.0 (Alpine 15.2.0) 
2026/03/14 10:25:04 [notice] 1#1: OS: Linux 6.8.0-94-generic
2026/03/14 10:25:04 [notice] 1#1: getrlimit(RLIMIT_NOFILE): 1024:524288
2026/03/14 10:25:04 [notice] 1#1: start worker processes
2026/03/14 10:25:04 [notice] 1#1: start worker process 30
2026/03/14 10:25:04 [notice] 1#1: start worker process 31
2026/03/14 10:25:04 [notice] 1#1: start worker process 32
2026/03/14 10:25:04 [notice] 1#1: start worker process 33
2026/03/14 10:25:04 [notice] 1#1: start worker process 34
2026/03/14 10:25:04 [notice] 1#1: start worker process 35
2026/03/14 10:25:04 [notice] 1#1: start worker process 36
2026/03/14 10:25:04 [notice] 1#1: start worker process 37
2026/03/14 10:26:53 [notice] 1#1: signal 3 (SIGQUIT) received, shutting down
2026/03/14 10:26:53 [notice] 30#30: gracefully shutting down
2026/03/14 10:26:53 [notice] 32#32: gracefully shutting down
2026/03/14 10:26:53 [notice] 33#33: gracefully shutting down
2026/03/14 10:26:53 [notice] 34#34: gracefully shutting down
2026/03/14 10:26:53 [notice] 31#31: gracefully shutting down
2026/03/14 10:26:53 [notice] 35#35: gracefully shutting down
2026/03/14 10:26:53 [notice] 36#36: gracefully shutting down
2026/03/14 10:26:53 [notice] 30#30: exiting
2026/03/14 10:26:53 [notice] 32#32: exiting
2026/03/14 10:26:53 [notice] 33#33: exiting
2026/03/14 10:26:53 [notice] 34#34: exiting
2026/03/14 10:26:53 [notice] 36#36: exiting
2026/03/14 10:26:53 [notice] 35#35: exiting
2026/03/14 10:26:53 [notice] 31#31: exiting
2026/03/14 10:26:53 [notice] 30#30: exit
2026/03/14 10:26:53 [notice] 32#32: exit
2026/03/14 10:26:53 [notice] 34#34: exit
2026/03/14 10:26:53 [notice] 36#36: exit
2026/03/14 10:26:53 [notice] 33#33: exit
2026/03/14 10:26:53 [notice] 35#35: exit
2026/03/14 10:26:53 [notice] 31#31: exit
2026/03/14 10:26:53 [notice] 37#37: gracefully shutting down
2026/03/14 10:26:53 [notice] 37#37: exiting
2026/03/14 10:26:53 [notice] 37#37: exit
2026/03/14 10:26:53 [notice] 1#1: signal 17 (SIGCHLD) received from 34
2026/03/14 10:26:53 [notice] 1#1: worker process 34 exited with code 0
2026/03/14 10:26:53 [notice] 1#1: signal 29 (SIGIO) received
2026/03/14 10:26:53 [notice] 1#1: signal 17 (SIGCHLD) received from 30
2026/03/14 10:26:53 [notice] 1#1: worker process 30 exited with code 0
2026/03/14 10:26:53 [notice] 1#1: signal 29 (SIGIO) received
2026/03/14 10:26:53 [notice] 1#1: signal 17 (SIGCHLD) received from 32
2026/03/14 10:26:53 [notice] 1#1: worker process 32 exited with code 0
2026/03/14 10:26:53 [notice] 1#1: signal 29 (SIGIO) received
2026/03/14 10:26:53 [notice] 1#1: signal 17 (SIGCHLD) received from 33
2026/03/14 10:26:53 [notice] 1#1: worker process 33 exited with code 0
2026/03/14 10:26:53 [notice] 1#1: signal 29 (SIGIO) received
2026/03/14 10:26:53 [notice] 1#1: signal 17 (SIGCHLD) received from 31
2026/03/14 10:26:53 [notice] 1#1: worker process 31 exited with code 0
2026/03/14 10:26:53 [notice] 1#1: worker process 35 exited with code 0
2026/03/14 10:26:53 [notice] 1#1: signal 29 (SIGIO) received
2026/03/14 10:26:53 [notice] 1#1: signal 17 (SIGCHLD) received from 36
2026/03/14 10:26:53 [notice] 1#1: worker process 36 exited with code 0
2026/03/14 10:26:53 [notice] 1#1: signal 17 (SIGCHLD) received from 37
2026/03/14 10:26:53 [notice] 1#1: worker process 37 exited with code 0
2026/03/14 10:26:53 [notice] 1#1: exit
2026/03/14 10:27:02 [notice] 1#1: using the "epoll" event method
2026/03/14 10:27:02 [notice] 1#1: nginx/1.29.6
2026/03/14 10:27:02 [notice] 1#1: built by gcc 15.2.0 (Alpine 15.2.0) 
2026/03/14 10:27:02 [notice] 1#1: OS: Linux 6.8.0-94-generic
2026/03/14 10:27:02 [notice] 1#1: getrlimit(RLIMIT_NOFILE): 1024:524288
2026/03/14 10:27:02 [notice] 1#1: start worker processes
2026/03/14 10:27:02 [notice] 1#1: start worker process 30
2026/03/14 10:27:02 [notice] 1#1: start worker process 31
2026/03/14 10:27:02 [notice] 1#1: start worker process 32
2026/03/14 10:27:02 [notice] 1#1: start worker process 33
2026/03/14 10:27:02 [notice] 1#1: start worker process 34
2026/03/14 10:27:02 [notice] 1#1: start worker process 35
2026/03/14 10:27:02 [notice] 1#1: start worker process 36
2026/03/14 10:27:02 [notice] 1#1: start worker process 37
